#
# There is insufficient memory for the Java Runtime Environment to continue.
# Native memory allocation (mmap) failed to map 132120576 bytes for Failed to commit area from 0x0000000082c00000 to 0x000000008aa00000 of length 132120576.
# Possible reasons:
#   The system is out of physical RAM or swap space
#   The process is running with CompressedOops enabled, and the Java Heap may be blocking the growth of the native heap
# Possible solutions:
#   Reduce memory load on the system
#   Increase physical memory or swap space
#   Check if swap backing store is full
#   Decrease Java heap size (-Xmx/-Xms)
#   Decrease number of Java threads
#   Decrease Java thread stack sizes (-Xss)
#   Set larger code cache with -XX:ReservedCodeCacheSize=
# This output file may be truncated or incomplete.
#
#  Out of Memory Error (./src/hotspot/os/windows/os_windows.cpp:3387), pid=20376, tid=16240
#
# JRE version:  (11.0.14.1+1) (build )
# Java VM: OpenJDK 64-Bit Server VM (11.0.14.1+1, mixed mode, sharing, tiered, compressed oops, g1 gc, windows-amd64)
# No core dump will be written. Minidumps are not enabled by default on client versions of Windows
#

---------------  S U M M A R Y ------------

Command Line: -Dfile.encoding=UTF-8 

Host: Intel(R) Core(TM) i5-10500H CPU @ 2.50GHz, 12 cores, 7G,  Windows 10 , 64 bit Build 19041 (10.0.19041.3393)
Time: Wed Oct  4 21:02:53 2023 Central Standard Time (Mexico) elapsed time: 0.014437 seconds (0d 0h 0m 0s)

---------------  T H R E A D  ---------------

Current thread (0x00000222f3345800):  JavaThread "Unknown thread" [_thread_in_vm, id=16240, stack(0x00000025a6500000,0x00000025a6600000)]

Stack: [0x00000025a6500000,0x00000025a6600000]
Native frames: (J=compiled Java code, j=interpreted, Vv=VM code, C=native code)
V  [jvm.dll+0x61e59a]
V  [jvm.dll+0x7aaca9]
V  [jvm.dll+0x7ac398]
V  [jvm.dll+0x7aca73]
V  [jvm.dll+0x24f9b8]
V  [jvm.dll+0x61b83a]
V  [jvm.dll+0x6100c5]
V  [jvm.dll+0x30772c]
V  [jvm.dll+0x3075b2]
V  [jvm.dll+0x30c2d6]
V  [jvm.dll+0x35272f]
V  [jvm.dll+0x352160]
V  [jvm.dll+0x2e4728]
V  [jvm.dll+0x2e5886]
V  [jvm.dll+0x784b07]
V  [jvm.dll+0x78628f]
V  [jvm.dll+0x35f479]
V  [jvm.dll+0x767aa0]
V  [jvm.dll+0x3ccf1f]
V  [jvm.dll+0x3cf2b1]
C  [jli.dll+0x5207]
C  [ucrtbase.dll+0x21bb2]
C  [KERNEL32.DLL+0x17344]
C  [ntdll.dll+0x526b1]


---------------  P R O C E S S  ---------------

Threads class SMR info:
_java_thread_list=0x00000222f11222a0, length=0, elements={
}

Java Threads: ( => current thread )

Other Threads:
  0x00000222f335e000 GCTaskThread "GC Thread#0" [stack: 0x00000025a6600000,0x00000025a6700000] [id=15996]
  0x00000222f338e800 ConcurrentGCThread "G1 Main Marker" [stack: 0x00000025a6700000,0x00000025a6800000] [id=17724]
  0x00000222f3390000 ConcurrentGCThread "G1 Conc#0" [stack: 0x00000025a6800000,0x00000025a6900000] [id=1964]

[error occurred during error reporting (printing all threads), id 0xc0000005, EXCEPTION_ACCESS_VIOLATION (0xc0000005) at pc=0x00007ff93d033ef7]

VM state:not at safepoint (not fully initialized)

VM Mutex/Monitor currently owned by a thread:  ([mutex/lock_event])
[0x00000222f333ff70] Heap_lock - owner thread: 0x00000222f3345800

Heap address: 0x0000000082c00000, size: 2004 MB, Compressed Oops mode: Non-zero based: 0x0000000082c00000
Narrow klass base: 0x0000000000000000, Narrow klass shift: 0

GC Heap History (0 events):
No events

Deoptimization events (0 events):
No events

Classes redefined (0 events):
No events

Internal exceptions (0 events):
No events

Events (1 events):
Event: 0.007 Loaded shared library C:\Program Files\Unity\Hub\Editor\2022.3.9f1\Editor\Data\PlaybackEngines\AndroidPlayer\OpenJDK\bin\zip.dll


Dynamic libraries:
0x00007ff7d6e30000 - 0x00007ff7d6e3d000 	C:\Program Files\Unity\Hub\Editor\2022.3.9f1\Editor\Data\PlaybackEngines\AndroidPlayer\OpenJDK\bin\java.exe
0x00007ff9ddaf0000 - 0x00007ff9ddce8000 	C:\Windows\SYSTEM32\ntdll.dll
0x00007ff9dd9c0000 - 0x00007ff9dda7d000 	C:\Windows\System32\KERNEL32.DLL
0x00007ff9db3a0000 - 0x00007ff9db696000 	C:\Windows\System32\KERNELBASE.dll
0x000000006ae40000 - 0x000000006b171000 	C:\Program Files\Norton Security\NortonData\22.23.5.106\Definitions\IPSDefs\20231004.064\IPSEng64.dll
0x00007ff9dbe80000 - 0x00007ff9dbf2e000 	C:\Windows\System32\ADVAPI32.dll
0x00007ff9dd2c0000 - 0x00007ff9dd35e000 	C:\Windows\System32\msvcrt.dll
0x00007ff9dbf30000 - 0x00007ff9dbfcc000 	C:\Windows\System32\sechost.dll
0x00007ff9dbc80000 - 0x00007ff9dbda6000 	C:\Windows\System32\RPCRT4.dll
0x00007ff9ddaa0000 - 0x00007ff9ddaa8000 	C:\Windows\System32\PSAPI.DLL
0x00007ff9db7d0000 - 0x00007ff9db8d0000 	C:\Windows\System32\ucrtbase.dll
0x00007ff9a1950000 - 0x00007ff9a1967000 	C:\Program Files\Unity\Hub\Editor\2022.3.9f1\Editor\Data\PlaybackEngines\AndroidPlayer\OpenJDK\bin\jli.dll
0x00007ff9a1860000 - 0x00007ff9a1875000 	C:\Program Files\Unity\Hub\Editor\2022.3.9f1\Editor\Data\PlaybackEngines\AndroidPlayer\OpenJDK\bin\VCRUNTIME140.dll
0x00007ff9dcc70000 - 0x00007ff9dce0e000 	C:\Windows\System32\USER32.dll
0x00007ff9db2c0000 - 0x00007ff9db2e2000 	C:\Windows\System32\win32u.dll
0x00007ff9dc730000 - 0x00007ff9dc75c000 	C:\Windows\System32\GDI32.dll
0x00007ff9d1fb0000 - 0x00007ff9d224a000 	C:\Windows\WinSxS\amd64_microsoft.windows.common-controls_6595b64144ccf1df_6.0.19041.1110_none_60b5254171f9507e\COMCTL32.dll
0x00007ff9db8d0000 - 0x00007ff9db9ea000 	C:\Windows\System32\gdi32full.dll
0x00007ff9db6a0000 - 0x00007ff9db73d000 	C:\Windows\System32\msvcp_win.dll
0x00007ff9dd150000 - 0x00007ff9dd180000 	C:\Windows\System32\IMM32.DLL
0x00007ff99a4f0000 - 0x00007ff99a58b000 	C:\Program Files\Unity\Hub\Editor\2022.3.9f1\Editor\Data\PlaybackEngines\AndroidPlayer\OpenJDK\bin\msvcp140.dll
0x00007ff93cd40000 - 0x00007ff93d8c1000 	C:\Program Files\Unity\Hub\Editor\2022.3.9f1\Editor\Data\PlaybackEngines\AndroidPlayer\OpenJDK\bin\server\jvm.dll
0x00007ff9a02d0000 - 0x00007ff9a02d9000 	C:\Windows\SYSTEM32\WSOCK32.dll
0x00007ff9c6390000 - 0x00007ff9c63b7000 	C:\Windows\SYSTEM32\WINMM.dll
0x00007ff9d63a0000 - 0x00007ff9d63aa000 	C:\Windows\SYSTEM32\VERSION.dll
0x00007ff9dd360000 - 0x00007ff9dd3cb000 	C:\Windows\System32\WS2_32.dll
0x00007ff9d9060000 - 0x00007ff9d9072000 	C:\Windows\SYSTEM32\kernel.appcore.dll
0x00007ff9d60f0000 - 0x00007ff9d6100000 	C:\Program Files\Unity\Hub\Editor\2022.3.9f1\Editor\Data\PlaybackEngines\AndroidPlayer\OpenJDK\bin\verify.dll
0x00007ff9d57f0000 - 0x00007ff9d59d4000 	C:\Windows\SYSTEM32\DBGHELP.DLL
0x00007ff9d5520000 - 0x00007ff9d5554000 	C:\Windows\SYSTEM32\dbgcore.DLL
0x00007ff9db740000 - 0x00007ff9db7c2000 	C:\Windows\System32\bcryptPrimitives.dll
0x00007ff99d290000 - 0x00007ff99d2b8000 	C:\Program Files\Unity\Hub\Editor\2022.3.9f1\Editor\Data\PlaybackEngines\AndroidPlayer\OpenJDK\bin\java.dll
0x00007ff9bff10000 - 0x00007ff9bff1a000 	C:\Program Files\Unity\Hub\Editor\2022.3.9f1\Editor\Data\PlaybackEngines\AndroidPlayer\OpenJDK\bin\jimage.dll
0x00007ff9a15a0000 - 0x00007ff9a15b8000 	C:\Program Files\Unity\Hub\Editor\2022.3.9f1\Editor\Data\PlaybackEngines\AndroidPlayer\OpenJDK\bin\zip.dll

dbghelp: loaded successfully - version: 4.0.5 - missing functions: none
symbol engine: initialized successfully - sym options: 0x614 - pdb path: .;C:\Program Files\Unity\Hub\Editor\2022.3.9f1\Editor\Data\PlaybackEngines\AndroidPlayer\OpenJDK\bin;C:\Windows\SYSTEM32;C:\Program Files\Norton Security\NortonData\22.23.5.106\Definitions\IPSDefs\20231004.064;C:\Windows\WinSxS\amd64_microsoft.windows.common-controls_6595b64144ccf1df_6.0.19041.1110_none_60b5254171f9507e;C:\Program Files\Unity\Hub\Editor\2022.3.9f1\Editor\Data\PlaybackEngines\AndroidPlayer\OpenJDK\bin\server

VM Arguments:
jvm_args: -Dfile.encoding=UTF-8 
java_command: <unknown>
java_class_path (initial): <not set>
Launcher Type: SUN_STANDARD

[Global flags]
     intx CICompilerCount                          = 4                                         {product} {ergonomic}
     uint ConcGCThreads                            = 3                                         {product} {ergonomic}
     uint G1ConcRefinementThreads                  = 10                                        {product} {ergonomic}
   size_t G1HeapRegionSize                         = 1048576                                   {product} {ergonomic}
    uintx GCDrainStackTargetSize                   = 64                                        {product} {ergonomic}
   size_t InitialHeapSize                          = 132120576                                 {product} {ergonomic}
   size_t MarkStackSize                            = 4194304                                   {product} {ergonomic}
   size_t MaxHeapSize                              = 2101346304                                {product} {ergonomic}
   size_t MinHeapDeltaBytes                        = 1048576                                   {product} {ergonomic}
    uintx NonNMethodCodeHeapSize                   = 5836300                                {pd product} {ergonomic}
    uintx NonProfiledCodeHeapSize                  = 122910970                              {pd product} {ergonomic}
    uintx ProfiledCodeHeapSize                     = 122910970                              {pd product} {ergonomic}
    uintx ReservedCodeCacheSize                    = 251658240                              {pd product} {ergonomic}
     bool SegmentedCodeCache                       = true                                      {product} {ergonomic}
     bool UseCompressedClassPointers               = true                                 {lp64_product} {ergonomic}
     bool UseCompressedOops                        = true                                 {lp64_product} {ergonomic}
     bool UseG1GC                                  = true                                      {product} {ergonomic}
     bool UseLargePagesIndividualAllocation        = false                                  {pd product} {ergonomic}

Logging:
Log output configuration:
 #0: stdout all=warning uptime,level,tags
 #1: stderr all=off uptime,level,tags

Environment Variables:
JAVA_HOME=C:\Program Files\Unity\Hub\Editor\2022.3.9f1\Editor\Data\PlaybackEngines\AndroidPlayer\OpenJDK
JAVA_TOOL_OPTIONS=-Dfile.encoding=UTF-8
PATH=C:\Program Files (x86)\Common Files\Intel\Shared Libraries\redist\intel64\compiler;C:\Windows\system32;C:\Windows;C:\Windows\System32\Wbem;C:\Windows\System32\WindowsPowerShell\v1.0\;C:\Windows\System32\OpenSSH\;C:\Program Files (x86)\NVIDIA Corporation\PhysX\Common;C:\Program Files\NVIDIA Corporation\NVIDIA NvDLISR;C:\Program Files\Microsoft SQL Server\150\Tools\Binn\;C:\Program Files\Microsoft SQL Server\Client SDK\ODBC\170\Tools\Binn\;C:\Program Files\dotnet\;C:\Program Files (x86)\Windows Kits\10\Windows Performance Toolkit\;C:\Program Files\Git\cmd;C:\Program Files\Git LFS;C:\Program Files (x86)\QuickTime\QTSystem\;C:\Users\stav_\AppData\Local\Microsoft\WindowsApps;C:\Users\stav_\AppData\Local\gitkraken\bin;C:\Users\stav_\.dotnet\tools;C:\Users\stav_\AppData\Local\GitHubDesktop\bin
USERNAME=stav_
OS=Windows_NT
PROCESSOR_IDENTIFIER=Intel64 Family 6 Model 165 Stepping 2, GenuineIntel



---------------  S Y S T E M  ---------------

OS: Windows 10 , 64 bit Build 19041 (10.0.19041.3393)
OS uptime: 0 days 6:28 hours

CPU:total 12 (initial active 12) (6 cores per cpu, 2 threads per core) family 6 model 165 stepping 2 microcode 0xe2, cmov, cx8, fxsr, mmx, sse, sse2, sse3, ssse3, sse4.1, sse4.2, popcnt, avx, avx2, aes, clmul, erms, 3dnowpref, lzcnt, ht, tsc, tscinvbit, bmi1, bmi2, adx, fma

Memory: 4k page, system-wide physical 8013M (1628M free)
TotalPageFile size 32589M (AvailPageFile size 109M)
current process WorkingSet (physical memory assigned to process): 11M, peak: 11M
current process commit charge ("private bytes"): 64M, peak: 190M

vm_info: OpenJDK 64-Bit Server VM (11.0.14.1+1) for windows-amd64 JRE (11.0.14.1+1), built on Feb  9 2022 01:48:27 by "" with unknown MS VC++:1916

END.
